e95ad2ef01b52dc433	,8046a7fb025f824108	,488581ac027457cfc7	
4cbe6a840231925e42	,38b9921a028f832147	
64da7265016a618b01	,0004a11c02e5737815	,f625f4ce02448bbb46	,ae164fc3028868da97	
c41c74b50246106672	,bffd832201146b42e5	,e7d59c880275d652ea	
87dd67f2029d465840	,a6149e4401e62d299e	,6d36eed601854d67b0	,86e1880801504d1da2	,43c6267b01e62b826c	
ab4818960274765ee9	,64e2421b02a411f6ae	,f56ea79e02c4a28275	,ecd230dd0201294f35	
d5eb30c702b373729e	
b2492a8601115555dd	,df3f16140256c21f9b	
bce590f5015857587d	,b695d61601cfa745f3	,c81785860171967a94	
78b0177a01740d2469	,a39af2c0020883794a	,824514e0010c3d5c17	,a54e8fbf01fccb63dc	,a3439a71027680a532	
b2be1c5101f5dcd7cc	,806dd9ad02c0906d0f	
4d8e408b01f43c4c9d	,8e9b4eb801c13e985a	,30c9754102c4246981	,d8c4fb4301a561bade	,df4f8332015ccccfa0	
f31f1b4f02c750c11d	,094e6d7e01b72ce629	,df4bf093010c5af0fa	,f2e5c2a202316e5c49	
a353b0bd01d730c314	,c78db74c01e5f79789	,95dbede202d70994ea	,012f670702f6c367ae	,f7284bb2021d913f56	
0a3647c702ba1b4edc	,6ecb7e260148c71d28	,658afdcd017f5241ea	
5cb4d9e001454861aa	
50db49ce029e785c51	,e414ab0b02f580ffee	,ac449d64012936ea14	,03fa8d0c01613bbd0e	
33ab93ea011b7ca5a7	,01de4ad0025321c813	,0b530b8f02c9a4848f	
ca91077402db5bd536	
cbeeb46f02e771b4d0	,ba3929bf010d3a48c1	,89a8dcaa02d7beecf0	
254caf3901571fced8	,194eed14015a90bcb4	
ca7aa12801b351c0ce	,2daeae1f01bff14fd2	,d8759939018e329e40	
8ed33ba00163a28c64	,6a76225802dd8c1e09	,70425ee402415265e0	,51884baf0272b57c0e	
eda8f6a6021e68b18f	,d93a5655019cbf526b	,fe5daf3c0160a04c6a	,e1051f3602200f57ae	,584a44190158e45914	
a357ed710133ca1b5f	,b6026a93029741648f	,90e1ef4301b5f27904	
2c92bda102c2df718b	,6a81660c01d27e8fb3	,649eb6c5024d5ba57e	
053a475b02558fe7e6	
f888bb6601ec3bf9c8	,b818074e01e1dbafc7	,125e44830187ab840f	,3de36b4601d712fea5	,c77923fb02b9a8befe	
50ad11ab017b5a4a4b	,8acb8ed3013ad8afbc	
72a5de7b015351a9ec	,93fd59ad0187ab5993	,973088a70214a03689	,25a429e7015e3744ad	,5ba439ec016275e8f4	
6285972002abafa8ec	,6601fa0701410a333b	,ea1b931a01962b0df8	,f21e951c01eecbfd55	
f5af17560110461c25	,4d6797cb022cb56a3d	,1b6a4d4002f883e323	,e53302c502bd9d99e3	
4a1492b50230eac5e7	
81927211023c256210	,b96bb443029a5bfe6c	,7096bc3401b86f13b7	
7fdbb1ec01b2333b47	,adae3024010d2e337a	,a12757b2015edbb96c	,319be4e20123404748	
d9013b26016436502b	,a7e974b7028ad4b167	,26876d9a01ff657630	,4b28b7150105dac612	,5136507e02eaa2af16	
f6297ced0249862bf0	,bd2a13240219ad479d	,b08736cf021a855be1	,4ac133050252355cc3	,0bc6433701cf541ec5	
a4237286028b601daa	
aaf970550134defa97	,80dfebbc0170b9a519	
02673c10024b2669bb	,4d843c59017ee61955	,fd998bdb02380cf3bc	,c709577e0246434765	
e7c4e04902e2e9c547	,2ebc84730250cc7ed8	,5abdf0a801a202e847	
d3160c9502713fc143	,f65617180280b5ee6f	,d921809302e84b9088	,904a1822022c328cd8	
9f85cd1b02d5b3f628	,a31efbe502c3d1d72c	
fd8ffa1c02a7150ecc	,6d3a918501d782d2db	,342bda5b010b145e2e	,ef3cf1e8024e424f17	,27b7d41601b28f7b86	
b56bfeee01c585a8d1	
bfb5baef028c63d815	,dd82f14e019c18c214	
e34dcce30236d666fe	,6944046601f77758a1	,8d42bcf8019e766afe	,2622c7ae02e4c56532	,89012010022c070ad6	
4c0b878f0297f45cf8	,9100584a01bb6ee5f7	,13e8663e01a53e9c96	,edce9e5d02f0d26703	
f1e8db6b013240c1c9	
a11318720282faea27	,5c5fe65d02df999949	,bc1be2130255e7a1ad	
