2010 	 c#-2.0  	 75384
2010 	 java-2d  	 54359
2010 	 php-5.2  	 50901
2010 	 javascript-debugger  	 42647
2010 	 jquery-1.3  	 38754
2010 	 iphone-3g  	 37642
2010 	 c++-cli  	 32084
2010 	 .net-1.0  	 30954
2010 	 asp.net-1.1  	 29656
2010 	 android-1.5-cupcake  	 27538
2016 	 javascript-6  	 279645
2016 	 java-2d  	 215543
2016 	 android-1.6-donut  	 182441
2016 	 php-5.2  	 171990
2016 	 python-2.1  	 165112
2016 	 c#-2.0  	 159987
2016 	 jquery-1.10  	 118826
2016 	 html-agility-pack  	 118392
2016 	 ios-9-beta3  	 94247
2016 	 css-animations  	 82013
